--(end of buffer or a NUL)
--accepting rule at line 57 ("// Relational and Logical Operators
")
--accepting rule at line 56 ("")
--accepting rule at line 58 ("
")
--accepting rule at line 75 ("function")
--accepting rule at line 56 (" ")
--accepting rule at line 91 ("main")
--accepting rule at line 56 (" ")
--accepting rule at line 81 ("returns")
--accepting rule at line 56 (" ")
--accepting rule at line 76 ("integer")
--accepting rule at line 85 (";")
--accepting rule at line 56 ("")
--accepting rule at line 58 ("
")
--accepting rule at line 70 ("begin")
--accepting rule at line 56 ("")
--accepting rule at line 58 ("
")
--accepting rule at line 56 ("    ")
--accepting rule at line 83 ("when")
--accepting rule at line 56 (" ")
--accepting rule at line 84 ("3")
--accepting rule at line 56 (" ")
--accepting rule at line 66 ("<")
--accepting rule at line 56 (" ")
--accepting rule at line 84 ("9")
--accepting rule at line 56 (" ")
--accepting rule at line 85 (";")
--accepting rule at line 56 ("")
--accepting rule at line 58 ("
")
--accepting rule at line 73 ("end")
--accepting rule at line 85 (";")
--accepting rule at line 56 ("")
--accepting rule at line 58 ("
")
--(end of buffer or a NUL)
--EOF (start condition 0)

   1  // Relational and Logical Operators
   2  
   3  function main returns integer;
   4  begin
   5      when 3 < 9 ;
   6  end;
   7       
